#
# There is insufficient memory for the Java Runtime Environment to continue.
# Native memory allocation (malloc) failed to allocate 1846112 bytes for Chunk::new
# Possible reasons:
#   The system is out of physical RAM or swap space
#   In 32 bit mode, the process size limit was hit
# Possible solutions:
#   Reduce memory load on the system
#   Increase physical memory or swap space
#   Check if swap backing store is full
#   Use 64 bit Java on a 64 bit OS
#   Decrease Java heap size (-Xmx/-Xms)
#   Decrease number of Java threads
#   Decrease Java thread stack sizes (-Xss)
#   Set larger code cache with -XX:ReservedCodeCacheSize=
# This output file may be truncated or incomplete.
#
#  Out of Memory Error (allocation.cpp:390), pid=4820, tid=0x000000000000538c
#
# JRE version: OpenJDK Runtime Environment (8.0_152-b01) (build 1.8.0_152-release-915-b01)
# Java VM: OpenJDK 64-Bit Server VM (25.152-b01 mixed mode windows-amd64 compressed oops)
# Failed to write core dump. Minidumps are not enabled by default on client versions of Windows
#

---------------  T H R E A D  ---------------

Current thread (0x000000001a903800):  JavaThread "C2 CompilerThread2" daemon [_thread_in_native, id=21388, stack(0x000000001b3c0000,0x000000001b4c0000)]

Stack: [0x000000001b3c0000,0x000000001b4c0000]
[error occurred during error reporting (printing stack bounds), id 0xc0000005]

Native frames: (J=compiled Java code, j=interpreted, Vv=VM code, C=native code)


Current CompileTask:
C2:   2151 1285       4       java.net.URLClassLoader$1::run (5 bytes)


---------------  P R O C E S S  ---------------

Java Threads: ( => current thread )
  0x000000001db9e800 JavaThread "Cache worker for file hash cache (E:\Chris\Dropbox\AndroidClass\Sandwich\sandwich-club-starter-code\.gradle\4.1\fileHashes)" [_thread_blocked, id=14240, stack(0x0000000020750000,0x0000000020850000)]
  0x000000001ce3e800 JavaThread "File lock request listener" [_thread_in_native, id=20976, stack(0x000000001f480000,0x000000001f580000)]
  0x000000001ce47800 JavaThread "Cache worker for file hash cache (C:\Users\Chris\.gradle\caches\4.1\fileHashes)" [_thread_blocked, id=15272, stack(0x000000001f380000,0x000000001f480000)]
  0x000000001c5af800 JavaThread "Stdin handler" [_thread_blocked, id=15636, stack(0x000000001f280000,0x000000001f380000)]
  0x000000001c5ae800 JavaThread "Asynchronous log dispatcher for DefaultDaemonConnection: socket connection from /127.0.0.1:53565 to /127.0.0.1:53566" [_thread_blocked, id=15756, stack(0x000000001f080000,0x000000001f180000)]
  0x000000001cdcd800 JavaThread "Daemon worker" [_thread_in_vm, id=15792, stack(0x000000001ef80000,0x000000001f080000)]
  0x000000001c5e9000 JavaThread "Cancel handler" [_thread_blocked, id=15836, stack(0x000000001ee80000,0x000000001ef80000)]
  0x000000001d0e0800 JavaThread "Handler for socket connection from /127.0.0.1:53565 to /127.0.0.1:53566" [_thread_in_native, id=10208, stack(0x000000001eb80000,0x000000001ec80000)]
  0x000000001c8ef000 JavaThread "Daemon" [_thread_blocked, id=9096, stack(0x000000001ea80000,0x000000001eb80000)]
  0x000000001c697800 JavaThread "Daemon periodic checks" [_thread_blocked, id=17116, stack(0x000000001e980000,0x000000001ea80000)]
  0x000000001cd13000 JavaThread "Incoming local TCP Connector on port 53565" [_thread_in_native, id=11708, stack(0x000000001cf90000,0x000000001d090000)]
  0x000000001a98f000 JavaThread "Service Thread" daemon [_thread_blocked, id=17600, stack(0x000000001b5c0000,0x000000001b6c0000)]
  0x000000001a907800 JavaThread "C1 CompilerThread3" daemon [_thread_blocked, id=220, stack(0x000000001b4c0000,0x000000001b5c0000)]
=>0x000000001a903800 JavaThread "C2 CompilerThread2" daemon [_thread_in_native, id=21388, stack(0x000000001b3c0000,0x000000001b4c0000)]
  0x000000001a901000 JavaThread "C2 CompilerThread1" daemon [_thread_blocked, id=16864, stack(0x000000001b2c0000,0x000000001b3c0000)]
  0x000000001a8fc000 JavaThread "C2 CompilerThread0" daemon [_thread_in_native, id=15976, stack(0x000000001b1c0000,0x000000001b2c0000)]
  0x000000001a8fa800 JavaThread "Attach Listener" daemon [_thread_blocked, id=6340, stack(0x000000001b0c0000,0x000000001b1c0000)]
  0x000000001a8f9800 JavaThread "Signal Dispatcher" daemon [_thread_blocked, id=10328, stack(0x000000001afc0000,0x000000001b0c0000)]
  0x0000000004c3e800 JavaThread "Finalizer" daemon [_thread_blocked, id=9544, stack(0x000000001acd0000,0x000000001add0000)]
  0x0000000004c37000 JavaThread "Reference Handler" daemon [_thread_blocked, id=20988, stack(0x000000001a7d0000,0x000000001a8d0000)]
  0x0000000004a3e000 JavaThread "main" [_thread_blocked, id=18744, stack(0x0000000004a40000,0x0000000004b40000)]

Other Threads:
  0x00000000189f5800 VMThread [stack: 0x000000001a6d0000,0x000000001a7d0000] [id=14092]
  0x000000001a990000 WatcherThread [stack: 0x000000001b6c0000,0x000000001b7c0000] [id=16872]

VM state:not at safepoint (normal execution)

VM Mutex/Monitor currently owned by a thread: None

Heap:
 PSYoungGen      total 76288K, used 63108K [0x00000000e0000000, 0x00000000e5500000, 0x0000000100000000)
  eden space 65536K, 84% used [0x00000000e0000000,0x00000000e35e31a0,0x00000000e4000000)
  from space 10752K, 73% used [0x00000000e4000000,0x00000000e47be0b8,0x00000000e4a80000)
  to   space 10752K, 0% used [0x00000000e4a80000,0x00000000e4a80000,0x00000000e5500000)
 ParOldGen       total 175104K, used 16K [0x00000000a0000000, 0x00000000aab00000, 0x00000000e0000000)
  object space 175104K, 0% used [0x00000000a0000000,0x00000000a0004000,0x00000000aab00000)
 Metaspace       used 17215K, capacity 17700K, committed 18048K, reserved 1064960K
  class space    used 2455K, capacity 2620K, committed 2688K, reserved 1048576K

Card table byte_map: [0x0000000014000000,0x0000000014310000] byte_map_base: 0x0000000013b00000

Marking Bits: (ParMarkBitMap*) 0x00000000528f3950
 Begin Bits: [0x0000000014d10000, 0x0000000016510000)
 End Bits:   [0x0000000016510000, 0x0000000017d10000)

Polling page: 0x0000000003110000

CodeCache: size=245760Kb used=5286Kb max_used=5291Kb free=240473Kb
 bounds [0x0000000004c40000, 0x0000000005170000, 0x0000000013c40000]
 total_blobs=1923 nmethods=1545 adapters=291
 compilation: enabled

Compilation events (10 events):
Event: 2.121 Thread 0x000000001a907800 nmethod 1545 0x0000000005169cd0 code [0x0000000005169ea0, 0x000000000516a6f8]
Event: 2.121 Thread 0x000000001a901000 nmethod 1543 0x0000000005168490 code [0x00000000051685e0, 0x00000000051686d8]
Event: 2.122 Thread 0x000000001a907800 1546       3       java.lang.AbstractStringBuilder::append (50 bytes)
Event: 2.122 Thread 0x000000001a907800 nmethod 1546 0x0000000005169090 code [0x0000000005169260, 0x00000000051699b8]
Event: 2.123 Thread 0x000000001a907800 1547       1       org.gradle.cache.internal.btree.BlockPointer::getPos (5 bytes)
Event: 2.123 Thread 0x000000001a907800 nmethod 1547 0x0000000005168110 code [0x0000000005168260, 0x0000000005168370]
Event: 2.124 Thread 0x000000001a907800 1548       3       java.util.regex.Pattern$5::isSatisfiedBy (28 bytes)
Event: 2.125 Thread 0x000000001a907800 nmethod 1548 0x0000000005168a50 code [0x0000000005168be0, 0x0000000005168f78]
Event: 2.125 Thread 0x000000001a907800 1549       3       java.util.regex.Pattern$BitClass::isSatisfiedBy (22 bytes)
Event: 2.125 Thread 0x000000001a907800 nmethod 1549 0x000000000516cfd0 code [0x000000000516d140, 0x000000000516d350]

GC Heap History (2 events):
Event: 1.182 GC heap before
{Heap before GC invocations=1 (full 0):
 PSYoungGen      total 76288K, used 65536K [0x00000000e0000000, 0x00000000e5500000, 0x0000000100000000)
  eden space 65536K, 100% used [0x00000000e0000000,0x00000000e4000000,0x00000000e4000000)
  from space 10752K, 0% used [0x00000000e4a80000,0x00000000e4a80000,0x00000000e5500000)
  to   space 10752K, 0% used [0x00000000e4000000,0x00000000e4000000,0x00000000e4a80000)
 ParOldGen       total 175104K, used 0K [0x00000000a0000000, 0x00000000aab00000, 0x00000000e0000000)
  object space 175104K, 0% used [0x00000000a0000000,0x00000000a0000000,0x00000000aab00000)
 Metaspace       used 11778K, capacity 12100K, committed 12160K, reserved 1060864K
  class space    used 1550K, capacity 1660K, committed 1664K, reserved 1048576K
Event: 1.191 GC heap after
Heap after GC invocations=1 (full 0):
 PSYoungGen      total 76288K, used 7928K [0x00000000e0000000, 0x00000000e5500000, 0x0000000100000000)
  eden space 65536K, 0% used [0x00000000e0000000,0x00000000e0000000,0x00000000e4000000)
  from space 10752K, 73% used [0x00000000e4000000,0x00000000e47be0b8,0x00000000e4a80000)
  to   space 10752K, 0% used [0x00000000e4a80000,0x00000000e4a80000,0x00000000e5500000)
 ParOldGen       total 175104K, used 16K [0x00000000a0000000, 0x00000000aab00000, 0x00000000e0000000)
  object space 175104K, 0% used [0x00000000a0000000,0x00000000a0004000,0x00000000aab00000)
 Metaspace       used 11778K, capacity 12100K, committed 12160K, reserved 1060864K
  class space    used 1550K, capacity 1660K, committed 1664K, reserved 1048576K
}

Deoptimization events (10 events):
Event: 1.628 Thread 0x000000001cdcd800 Uncommon trap: reason=unstable_if action=reinterpret pc=0x000000000509e3f4 method=java.lang.String.lastIndexOf([CII[CIII)I @ 66
Event: 1.924 Thread 0x000000001cdcd800 Uncommon trap: reason=unstable_if action=reinterpret pc=0x0000000004d8ca88 method=java.net.URI.match(CJJ)Z @ 19
Event: 1.924 Thread 0x000000001cdcd800 Uncommon trap: reason=unstable_if action=reinterpret pc=0x0000000004ecc4c0 method=java.net.URI.match(CJJ)Z @ 19
Event: 2.036 Thread 0x000000001cdcd800 Uncommon trap: reason=bimorphic action=maybe_recompile pc=0x00000000050af910 method=java.lang.ClassLoader.loadClass(Ljava/lang/String;Z)Ljava/lang/Class; @ 38
Event: 2.038 Thread 0x000000001cdcd800 Uncommon trap: reason=bimorphic action=maybe_recompile pc=0x00000000050af910 method=java.lang.ClassLoader.loadClass(Ljava/lang/String;Z)Ljava/lang/Class; @ 38
Event: 2.038 Thread 0x000000001cdcd800 Uncommon trap: reason=bimorphic action=maybe_recompile pc=0x00000000050af910 method=java.lang.ClassLoader.loadClass(Ljava/lang/String;Z)Ljava/lang/Class; @ 38
Event: 2.038 Thread 0x000000001cdcd800 Uncommon trap: reason=bimorphic action=maybe_recompile pc=0x00000000050af910 method=java.lang.ClassLoader.loadClass(Ljava/lang/String;Z)Ljava/lang/Class; @ 38
Event: 2.113 Thread 0x000000001cdcd800 Uncommon trap: reason=unstable_if action=reinterpret pc=0x0000000005153e00 method=java.io.BufferedInputStream.read([BII)I @ 56
Event: 2.114 Thread 0x000000001cdcd800 Uncommon trap: reason=unstable_if action=reinterpret pc=0x0000000004ef4b88 method=java.lang.AbstractStringBuilder.append(Ljava/lang/String;)Ljava/lang/AbstractStringBuilder; @ 1
Event: 2.114 Thread 0x000000001cdcd800 Uncommon trap: reason=unstable_if action=reinterpret pc=0x0000000004e58fc0 method=java.lang.AbstractStringBuilder.append(Ljava/lang/String;)Ljava/lang/AbstractStringBuilder; @ 1

Classes redefined (0 events):
No events

Internal exceptions (10 events):
Event: 1.988 Thread 0x000000001cdcd800 Exception <a 'java/lang/NoSuchMethodError': <clinit>> (0x00000000e2e9ce38) thrown at [D:\src\AOSP-openjdk-cygwin\jdk8u\hotspot\src\share\vm\prims\jni.cpp, line 1613]
Event: 1.989 Thread 0x000000001cdcd800 Exception <a 'java/lang/NoSuchMethodError': <clinit>> (0x00000000e2ea85b8) thrown at [D:\src\AOSP-openjdk-cygwin\jdk8u\hotspot\src\share\vm\prims\jni.cpp, line 1613]
Event: 2.041 Thread 0x000000001cdcd800 Exception <a 'java/lang/NoSuchMethodError': <clinit>> (0x00000000e3165ec8) thrown at [D:\src\AOSP-openjdk-cygwin\jdk8u\hotspot\src\share\vm\prims\jni.cpp, line 1613]
Event: 2.049 Thread 0x000000001cdcd800 Exception <a 'java/lang/NoSuchMethodError': <clinit>> (0x00000000e31b0408) thrown at [D:\src\AOSP-openjdk-cygwin\jdk8u\hotspot\src\share\vm\prims\jni.cpp, line 1613]
Event: 2.051 Thread 0x000000001cdcd800 Exception <a 'java/lang/NoSuchMethodError': <clinit>> (0x00000000e31bdc58) thrown at [D:\src\AOSP-openjdk-cygwin\jdk8u\hotspot\src\share\vm\prims\jni.cpp, line 1613]
Event: 2.059 Thread 0x000000001cdcd800 Exception <a 'java/lang/NoSuchMethodError': <clinit>> (0x00000000e323b320) thrown at [D:\src\AOSP-openjdk-cygwin\jdk8u\hotspot\src\share\vm\prims\jni.cpp, line 1613]
Event: 2.059 Thread 0x000000001cdcd800 Exception <a 'java/lang/NoSuchMethodError': <clinit>> (0x00000000e323efe0) thrown at [D:\src\AOSP-openjdk-cygwin\jdk8u\hotspot\src\share\vm\prims\jni.cpp, line 1613]
Event: 2.059 Thread 0x000000001cdcd800 Exception <a 'java/lang/NoSuchMethodError': <clinit>> (0x00000000e3240ae8) thrown at [D:\src\AOSP-openjdk-cygwin\jdk8u\hotspot\src\share\vm\prims\jni.cpp, line 1613]
Event: 2.114 Thread 0x000000001cdcd800 Implicit null exception at 0x0000000004ef47d6 to 0x0000000004ef4b71
Event: 2.114 Thread 0x000000001cdcd800 Implicit null exception at 0x0000000004e58c16 to 0x0000000004e58fa9

Events (10 events):
Event: 2.130 loading class org/gradle/cache/internal/DefaultPersistentDirectoryCache$Cleanup
Event: 2.130 loading class org/gradle/cache/internal/DefaultPersistentDirectoryCache$Cleanup done
Event: 2.138 loading class org/gradle/cache/internal/FixedSharedModeCrossProcessCacheAccess$1
Event: 2.138 loading class org/gradle/cache/internal/FixedSharedModeCrossProcessCacheAccess$1 done
Event: 2.139 loading class org/gradle/groovy/scripts/internal/FileCacheBackedScriptClassCompiler$CompileToCrossBuildCacheAction
Event: 2.139 loading class org/gradle/groovy/scripts/internal/FileCacheBackedScriptClassCompiler$CompileToCrossBuildCacheAction done
Event: 2.148 loading class com/google/common/io/FileWriteMode
Event: 2.148 loading class com/google/common/io/FileWriteMode done
Event: 2.148 loading class com/google/common/io/ByteSink$AsCharSink
Event: 2.148 loading class com/google/common/io/ByteSink$AsCharSink done


Dynamic libraries:
0x00007ff77d120000 - 0x00007ff77d151000 	C:\Program Files\Android\Android Studio\jre\bin\java.exe
0x00007ffac0f10000 - 0x00007ffac10f0000 	C:\WINDOWS\SYSTEM32\ntdll.dll
0x00007ffac0330000 - 0x00007ffac03de000 	C:\WINDOWS\System32\KERNEL32.DLL
0x00007ffabd310000 - 0x00007ffabd576000 	C:\WINDOWS\System32\KERNELBASE.dll
0x00007ffac0530000 - 0x00007ffac05d1000 	C:\WINDOWS\System32\ADVAPI32.dll
0x00007ffabfae0000 - 0x00007ffabfb7d000 	C:\WINDOWS\System32\msvcrt.dll
0x00007ffabf8c0000 - 0x00007ffabf91b000 	C:\WINDOWS\System32\sechost.dll
0x00007ffabfd20000 - 0x00007ffabfe3f000 	C:\WINDOWS\System32\RPCRT4.dll
0x00007ffabfb90000 - 0x00007ffabfd1f000 	C:\WINDOWS\System32\USER32.dll
0x00007ffabe1c0000 - 0x00007ffabe1e0000 	C:\WINDOWS\System32\win32u.dll
0x00007ffac08f0000 - 0x00007ffac0918000 	C:\WINDOWS\System32\GDI32.dll
0x00007ffabe1e0000 - 0x00007ffabe373000 	C:\WINDOWS\System32\gdi32full.dll
0x00007ffabd750000 - 0x00007ffabd7eb000 	C:\WINDOWS\System32\msvcp_win.dll
0x00007ffabd8c0000 - 0x00007ffabd9b6000 	C:\WINDOWS\System32\ucrtbase.dll
0x00007ffab0430000 - 0x00007ffab0699000 	C:\WINDOWS\WinSxS\amd64_microsoft.windows.common-controls_6595b64144ccf1df_6.0.16299.371_none_15c7d1789365a290\COMCTL32.dll
0x00007ffac0020000 - 0x00007ffac0328000 	C:\WINDOWS\System32\combase.dll
0x00007ffabd840000 - 0x00007ffabd8b2000 	C:\WINDOWS\System32\bcryptPrimitives.dll
0x00007ffabf890000 - 0x00007ffabf8bd000 	C:\WINDOWS\System32\IMM32.DLL
0x0000000051720000 - 0x00000000517f2000 	C:\Program Files\Android\Android Studio\jre\jre\bin\msvcr100.dll
0x0000000052130000 - 0x000000005296e000 	C:\Program Files\Android\Android Studio\jre\jre\bin\server\jvm.dll
0x00007ffabfb80000 - 0x00007ffabfb88000 	C:\WINDOWS\System32\PSAPI.DLL
0x00007ffaae7d0000 - 0x00007ffaae7d9000 	C:\WINDOWS\SYSTEM32\WSOCK32.dll
0x00007ffab0320000 - 0x00007ffab0343000 	C:\WINDOWS\SYSTEM32\WINMM.dll
0x00007ffab8cb0000 - 0x00007ffab8cba000 	C:\WINDOWS\SYSTEM32\VERSION.dll
0x00007ffac0660000 - 0x00007ffac06cc000 	C:\WINDOWS\System32\WS2_32.dll
0x00007ffab02b0000 - 0x00007ffab02da000 	C:\WINDOWS\SYSTEM32\winmmbase.dll
0x00007ffabd7f0000 - 0x00007ffabd83a000 	C:\WINDOWS\System32\cfgmgr32.dll
0x00007ffab6620000 - 0x00007ffab662f000 	C:\Program Files\Android\Android Studio\jre\jre\bin\verify.dll
0x00007ffaa7310000 - 0x00007ffaa7339000 	C:\Program Files\Android\Android Studio\jre\jre\bin\java.dll
0x00007ffaaf0d0000 - 0x00007ffaaf0e6000 	C:\Program Files\Android\Android Studio\jre\jre\bin\zip.dll
0x00007ffabe3f0000 - 0x00007ffabf826000 	C:\WINDOWS\System32\SHELL32.dll
0x00007ffac0730000 - 0x00007ffac07d6000 	C:\WINDOWS\System32\shcore.dll
0x00007ffabd9c0000 - 0x00007ffabe107000 	C:\WINDOWS\System32\windows.storage.dll
0x00007ffabfe40000 - 0x00007ffabfe91000 	C:\WINDOWS\System32\shlwapi.dll
0x00007ffabd280000 - 0x00007ffabd291000 	C:\WINDOWS\System32\kernel.appcore.dll
0x00007ffabd2a0000 - 0x00007ffabd2ec000 	C:\WINDOWS\System32\powrprof.dll
0x00007ffabd260000 - 0x00007ffabd27b000 	C:\WINDOWS\System32\profapi.dll
0x00007ffaa8290000 - 0x00007ffaa82aa000 	C:\Program Files\Android\Android Studio\jre\jre\bin\net.dll
0x00007ffabcaf0000 - 0x00007ffabcb56000 	C:\WINDOWS\system32\mswsock.dll
0x00007ffaa7c20000 - 0x00007ffaa7c31000 	C:\Program Files\Android\Android Studio\jre\jre\bin\nio.dll
0x00007ffaa4a00000 - 0x00007ffaa4a1e000 	C:\Users\Chris\.gradle\native\25\windows-amd64\native-platform.dll
0x00007ffaaf0a0000 - 0x00007ffaaf0ad000 	C:\Program Files\Android\Android Studio\jre\jre\bin\management.dll
0x00007ffabccb0000 - 0x00007ffabccc7000 	C:\WINDOWS\SYSTEM32\CRYPTSP.dll
0x00007ffabc690000 - 0x00007ffabc6c3000 	C:\WINDOWS\system32\rsaenh.dll
0x00007ffabcdc0000 - 0x00007ffabcde5000 	C:\WINDOWS\SYSTEM32\bcrypt.dll
0x00007ffabd190000 - 0x00007ffabd1b9000 	C:\WINDOWS\SYSTEM32\USERENV.dll
0x00007ffabccd0000 - 0x00007ffabccdb000 	C:\WINDOWS\SYSTEM32\CRYPTBASE.dll
0x00007ffabc880000 - 0x00007ffabc8b9000 	C:\WINDOWS\SYSTEM32\IPHLPAPI.DLL
0x00007ffabfea0000 - 0x00007ffabfea8000 	C:\WINDOWS\System32\NSI.dll
0x00007ffab9d90000 - 0x00007ffab9da6000 	C:\WINDOWS\SYSTEM32\dhcpcsvc6.DLL
0x00007ffab9d50000 - 0x00007ffab9d6a000 	C:\WINDOWS\SYSTEM32\dhcpcsvc.DLL

VM Arguments:
jvm_args: -Xmx1536m -Dfile.encoding=windows-1252 -Duser.country=US -Duser.language=en -Duser.variant 
java_command: org.gradle.launcher.daemon.bootstrap.GradleDaemon 4.1
java_class_path (initial): C:\Users\Chris\.gradle\wrapper\dists\gradle-4.1-all\bzyivzo6n839fup2jbap0tjew\gradle-4.1\lib\gradle-launcher-4.1.jar
Launcher Type: SUN_STANDARD

Environment Variables:
PATH=C:\ProgramData\Oracle\Java\javapath;C:\Windows\system32;C:\Windows;C:\Windows\System32\Wbem;C:\Windows\System32\WindowsPowerShell\v1.0\;C:\Program Files (x86)\NVIDIA Corporation\PhysX\Common;C:\WINDOWS\system32;C:\WINDOWS;C:\WINDOWS\System32\Wbem;C:\WINDOWS\System32\WindowsPowerShell\v1.0\;C:\ProgramData\Anaconda3;C:\ProgramData\Anaconda3\Scripts;C:\ProgramData\Anaconda3\Library\bin;C:\Program Files\nodejs\;C:\Program Files\Java\jdk-9.0.4\bin;C:\Users\Chris\AppData\Local\Android\sdk\platform-tools;C:\Users\Chris\AppData\Local\Programs\Python\Python36-32\Scripts\;C:\Users\Chris\AppData\Local\Programs\Python\Python36-32\;c:\users\chris\appdata\local\enthought\canopy\user\scripts;C:\Users\Chris\AppData\Local\Microsoft\WindowsApps;C:\Users\Chris\AppData\Local\Enthought\Canopy\User;C:\Users\Chris\AppData\Local\Enthought\Canopy\User\Scripts;C:\Users\Chris\AppData\Local\Programs\Git\cmd;C:\Users\Chris\AppData\Local\atom\bin;C:\Users\Chris\AppData\Roaming\npm;%USERPROFILE%\AppData\Local\Microsoft\WindowsApps;
USERNAME=Chris
OS=Windows_NT
PROCESSOR_IDENTIFIER=Intel64 Family 6 Model 60 Stepping 3, GenuineIntel



---------------  S Y S T E M  ---------------

OS: Windows 10.0 , 64 bit Build 16299 (10.0.16299.15)

CPU:total 8 (initial active 8) (4 cores per cpu, 2 threads per core) family 6 model 60 stepping 3, cmov, cx8, fxsr, mmx, sse, sse2, sse3, ssse3, sse4.1, sse4.2, popcnt, avx, avx2, aes, clmul, erms, lzcnt, ht, tsc, tscinvbit, bmi1, bmi2

Memory: 4k page, physical 16718504k(6411884k free), swap 17767080k(6488k free)

vm_info: OpenJDK 64-Bit Server VM (25.152-b01) for windows-amd64 JRE (1.8.0_152-release-915-b01), built by "builder" with MS VC++ 10.0 (VS2010)

time: Tue Apr 24 15:43:37 2018
elapsed time: 2 seconds (0d 0h 0m 2s)

