#
# There is insufficient memory for the Java Runtime Environment to continue.
# Native memory allocation (malloc) failed to allocate 109216 bytes for Chunk::new
# Possible reasons:
#   The system is out of physical RAM or swap space
#   In 32 bit mode, the process size limit was hit
# Possible solutions:
#   Reduce memory load on the system
#   Increase physical memory or swap space
#   Check if swap backing store is full
#   Use 64 bit Java on a 64 bit OS
#   Decrease Java heap size (-Xmx/-Xms)
#   Decrease number of Java threads
#   Decrease Java thread stack sizes (-Xss)
#   Set larger code cache with -XX:ReservedCodeCacheSize=
# This output file may be truncated or incomplete.
#
#  Out of Memory Error (allocation.cpp:390), pid=12876, tid=0x0000000000002464
#
# JRE version: OpenJDK Runtime Environment (8.0_152-b01) (build 1.8.0_152-release-915-b01)
# Java VM: OpenJDK 64-Bit Server VM (25.152-b01 mixed mode windows-amd64 compressed oops)
# Failed to write core dump. Minidumps are not enabled by default on client versions of Windows
#

---------------  T H R E A D  ---------------

Current thread (0x000000001a36f800):  JavaThread "C2 CompilerThread0" daemon [_thread_in_native, id=9316, stack(0x000000001ac40000,0x000000001ad40000)]

Stack: [0x000000001ac40000,0x000000001ad40000]
[error occurred during error reporting (printing stack bounds), id 0xc0000005]

Native frames: (J=compiled Java code, j=interpreted, Vv=VM code, C=native code)


Current CompileTask:
C2:   1704 1463   !   4       java.util.zip.InflaterInputStream::read (138 bytes)


---------------  P R O C E S S  ---------------

Java Threads: ( => current thread )
  0x000000001d2b1800 JavaThread "Cache worker for file hash cache (E:\Chris\Dropbox\AndroidClass\Sandwich\sandwich-club-starter-code\.gradle\4.1\fileHashes)" [_thread_blocked, id=18084, stack(0x00000000201c0000,0x00000000202c0000)]
  0x000000001c268800 JavaThread "File lock request listener" [_thread_in_native, id=11720, stack(0x000000001eef0000,0x000000001eff0000)]
  0x000000001c267800 JavaThread "Cache worker for file hash cache (C:\Users\Chris\.gradle\caches\4.1\fileHashes)" [_thread_in_vm, id=10816, stack(0x000000001edf0000,0x000000001eef0000)]
  0x000000001c519800 JavaThread "Stdin handler" [_thread_blocked, id=7424, stack(0x000000001ecf0000,0x000000001edf0000)]
  0x000000001c514800 JavaThread "Asynchronous log dispatcher for DefaultDaemonConnection: socket connection from /127.0.0.1:53499 to /127.0.0.1:53500" [_thread_blocked, id=6696, stack(0x000000001eaf0000,0x000000001ebf0000)]
  0x000000001c50c800 JavaThread "Daemon worker" [_thread_blocked, id=8040, stack(0x000000001e9f0000,0x000000001eaf0000)]
  0x000000001c4b8800 JavaThread "Cancel handler" [_thread_blocked, id=7740, stack(0x000000001e8f0000,0x000000001e9f0000)]
  0x000000001c6cf000 JavaThread "Handler for socket connection from /127.0.0.1:53499 to /127.0.0.1:53500" [_thread_in_native, id=16700, stack(0x000000001e5f0000,0x000000001e6f0000)]
  0x000000001c6ce000 JavaThread "Daemon" [_thread_blocked, id=4332, stack(0x000000001e4f0000,0x000000001e5f0000)]
  0x000000001c198000 JavaThread "Daemon periodic checks" [_thread_blocked, id=8344, stack(0x000000001e3f0000,0x000000001e4f0000)]
  0x000000001c196800 JavaThread "Incoming local TCP Connector on port 53499" [_thread_in_native, id=14900, stack(0x000000001df20000,0x000000001e020000)]
  0x000000001a400000 JavaThread "Service Thread" daemon [_thread_blocked, id=14852, stack(0x000000001b040000,0x000000001b140000)]
  0x000000001a376800 JavaThread "C1 CompilerThread3" daemon [_thread_blocked, id=2880, stack(0x000000001af40000,0x000000001b040000)]
  0x000000001a375000 JavaThread "C2 CompilerThread2" daemon [_thread_in_native, id=9296, stack(0x000000001ae40000,0x000000001af40000)]
  0x000000001a372800 JavaThread "C2 CompilerThread1" daemon [_thread_in_native, id=20788, stack(0x000000001ad40000,0x000000001ae40000)]
=>0x000000001a36f800 JavaThread "C2 CompilerThread0" daemon [_thread_in_native, id=9316, stack(0x000000001ac40000,0x000000001ad40000)]
  0x000000001a36a800 JavaThread "Attach Listener" daemon [_thread_blocked, id=13304, stack(0x000000001ab40000,0x000000001ac40000)]
  0x000000001a36a000 JavaThread "Signal Dispatcher" daemon [_thread_blocked, id=19792, stack(0x000000001aa40000,0x000000001ab40000)]
  0x000000001a360800 JavaThread "Finalizer" daemon [_thread_blocked, id=19076, stack(0x000000001a740000,0x000000001a840000)]
  0x000000001842b800 JavaThread "Reference Handler" daemon [_thread_blocked, id=16536, stack(0x000000001a240000,0x000000001a340000)]
  0x000000000453e000 JavaThread "main" [_thread_blocked, id=10564, stack(0x0000000004430000,0x0000000004530000)]

Other Threads:
  0x0000000018425800 VMThread [stack: 0x000000001a140000,0x000000001a240000] [id=10448]
  0x000000001a400800 WatcherThread [stack: 0x000000001b140000,0x000000001b240000] [id=8388]

VM state:not at safepoint (normal execution)

VM Mutex/Monitor currently owned by a thread: None

Heap:
 PSYoungGen      total 76288K, used 56167K [0x00000000e0000000, 0x00000000e9500000, 0x0000000100000000)
  eden space 65536K, 73% used [0x00000000e0000000,0x00000000e2f27550,0x00000000e4000000)
  from space 10752K, 73% used [0x00000000e4000000,0x00000000e47b29f8,0x00000000e4a80000)
  to   space 10752K, 0% used [0x00000000e8a80000,0x00000000e8a80000,0x00000000e9500000)
 ParOldGen       total 175104K, used 16K [0x00000000a0000000, 0x00000000aab00000, 0x00000000e0000000)
  object space 175104K, 0% used [0x00000000a0000000,0x00000000a0004000,0x00000000aab00000)
 Metaspace       used 16355K, capacity 16712K, committed 16896K, reserved 1062912K
  class space    used 2329K, capacity 2446K, committed 2560K, reserved 1048576K

Card table byte_map: [0x0000000013a10000,0x0000000013d20000] byte_map_base: 0x0000000013510000

Marking Bits: (ParMarkBitMap*) 0x00000000528f3950
 Begin Bits: [0x0000000014720000, 0x0000000015f20000)
 End Bits:   [0x0000000015f20000, 0x0000000017720000)

Polling page: 0x0000000002750000

CodeCache: size=245760Kb used=5038Kb max_used=5046Kb free=240721Kb
 bounds [0x0000000004650000, 0x0000000004b50000, 0x0000000013650000]
 total_blobs=1831 nmethods=1458 adapters=287
 compilation: enabled

Compilation events (10 events):
Event: 1.675 Thread 0x000000001a376800 nmethod 1458 0x0000000004b38f90 code [0x0000000004b39140, 0x0000000004b39658]
Event: 1.675 Thread 0x000000001a376800 1459       3       java.lang.Class::privateGetDeclaredConstructors (85 bytes)
Event: 1.676 Thread 0x000000001a376800 nmethod 1459 0x0000000004b3be10 code [0x0000000004b3bfe0, 0x0000000004b3c6d8]
Event: 1.676 Thread 0x000000001a36f800 1460       4       sun.reflect.ClassFileAssembler::cpi (22 bytes)
Event: 1.676 Thread 0x000000001a376800 1461       1       java.lang.reflect.Constructor::getConstructorAccessor (5 bytes)
Event: 1.676 Thread 0x000000001a376800 nmethod 1461 0x0000000004b37f90 code [0x0000000004b380e0, 0x0000000004b381f0]
Event: 1.676 Thread 0x000000001a36f800 nmethod 1460 0x0000000004b38d50 code [0x0000000004b38e80, 0x0000000004b38ef8]
Event: 1.681 Thread 0x000000001a376800 1462       3       java.util.IdentityHashMap::nextKeyIndex (15 bytes)
Event: 1.681 Thread 0x000000001a376800 nmethod 1462 0x0000000004b38510 code [0x0000000004b38660, 0x0000000004b387f0]
Event: 1.699 Thread 0x000000001a36f800 1463   !   4       java.util.zip.InflaterInputStream::read (138 bytes)

GC Heap History (2 events):
Event: 1.014 GC heap before
{Heap before GC invocations=1 (full 0):
 PSYoungGen      total 76288K, used 65536K [0x00000000e0000000, 0x00000000e5500000, 0x0000000100000000)
  eden space 65536K, 100% used [0x00000000e0000000,0x00000000e4000000,0x00000000e4000000)
  from space 10752K, 0% used [0x00000000e4a80000,0x00000000e4a80000,0x00000000e5500000)
  to   space 10752K, 0% used [0x00000000e4000000,0x00000000e4000000,0x00000000e4a80000)
 ParOldGen       total 175104K, used 0K [0x00000000a0000000, 0x00000000aab00000, 0x00000000e0000000)
  object space 175104K, 0% used [0x00000000a0000000,0x00000000a0000000,0x00000000aab00000)
 Metaspace       used 11776K, capacity 12100K, committed 12160K, reserved 1060864K
  class space    used 1550K, capacity 1660K, committed 1664K, reserved 1048576K
Event: 1.025 GC heap after
Heap after GC invocations=1 (full 0):
 PSYoungGen      total 76288K, used 7882K [0x00000000e0000000, 0x00000000e9500000, 0x0000000100000000)
  eden space 65536K, 0% used [0x00000000e0000000,0x00000000e0000000,0x00000000e4000000)
  from space 10752K, 73% used [0x00000000e4000000,0x00000000e47b29f8,0x00000000e4a80000)
  to   space 10752K, 0% used [0x00000000e8a80000,0x00000000e8a80000,0x00000000e9500000)
 ParOldGen       total 175104K, used 16K [0x00000000a0000000, 0x00000000aab00000, 0x00000000e0000000)
  object space 175104K, 0% used [0x00000000a0000000,0x00000000a0004000,0x00000000aab00000)
 Metaspace       used 11776K, capacity 12100K, committed 12160K, reserved 1060864K
  class space    used 1550K, capacity 1660K, committed 1664K, reserved 1048576K
}

Deoptimization events (10 events):
Event: 0.745 Thread 0x000000000453e000 Uncommon trap: reason=unstable_if action=reinterpret pc=0x00000000049b8138 method=java.io.WinNTFileSystem.normalize(Ljava/lang/String;)Ljava/lang/String; @ 128
Event: 0.745 Thread 0x000000000453e000 Uncommon trap: reason=unstable_if action=reinterpret pc=0x0000000004940b64 method=java.io.WinNTFileSystem.normalize(Ljava/lang/String;II)Ljava/lang/String; @ 90
Event: 1.050 Thread 0x000000001c50c800 Uncommon trap: reason=bimorphic action=maybe_recompile pc=0x0000000004951b28 method=java.util.HashMap.putVal(ILjava/lang/Object;Ljava/lang/Object;ZZ)Ljava/lang/Object; @ 253
Event: 1.050 Thread 0x000000001c50c800 Uncommon trap: reason=bimorphic action=maybe_recompile pc=0x0000000004951b28 method=java.util.HashMap.putVal(ILjava/lang/Object;Ljava/lang/Object;ZZ)Ljava/lang/Object; @ 253
Event: 1.050 Thread 0x000000001c50c800 Uncommon trap: reason=bimorphic action=maybe_recompile pc=0x000000000495a06c method=java.util.HashMap.putVal(ILjava/lang/Object;Ljava/lang/Object;ZZ)Ljava/lang/Object; @ 253
Event: 1.274 Thread 0x000000001c50c800 Uncommon trap: reason=class_check action=maybe_recompile pc=0x00000000048a345c method=java.util.regex.Matcher.match(II)Z @ 86
Event: 1.274 Thread 0x000000001c50c800 Uncommon trap: reason=class_check action=maybe_recompile pc=0x00000000048a345c method=java.util.regex.Matcher.match(II)Z @ 86
Event: 1.425 Thread 0x000000001c50c800 Uncommon trap: reason=unstable_if action=reinterpret pc=0x0000000004aa14b4 method=java.lang.String.lastIndexOf([CII[CIII)I @ 66
Event: 1.633 Thread 0x000000001c50c800 Uncommon trap: reason=unstable_if action=reinterpret pc=0x000000000479eb48 method=java.net.URI.match(CJJ)Z @ 19
Event: 1.634 Thread 0x000000001c50c800 Uncommon trap: reason=unstable_if action=reinterpret pc=0x00000000048dd440 method=java.net.URI.match(CJJ)Z @ 19

Classes redefined (0 events):
No events

Internal exceptions (10 events):
Event: 0.995 Thread 0x000000001c6cf000 Exception <a 'java/lang/NoSuchMethodError': <clinit>> (0x00000000e3f171a8) thrown at [D:\src\AOSP-openjdk-cygwin\jdk8u\hotspot\src\share\vm\prims\jni.cpp, line 1613]
Event: 1.000 Thread 0x000000001c6cf000 Exception <a 'java/lang/NoSuchMethodError': <clinit>> (0x00000000e3f40b20) thrown at [D:\src\AOSP-openjdk-cygwin\jdk8u\hotspot\src\share\vm\prims\jni.cpp, line 1613]
Event: 1.002 Thread 0x000000001c6cf000 Exception <a 'java/lang/NoSuchMethodError': <clinit>> (0x00000000e3f4e348) thrown at [D:\src\AOSP-openjdk-cygwin\jdk8u\hotspot\src\share\vm\prims\jni.cpp, line 1613]
Event: 1.006 Thread 0x000000001c6cf000 Exception <a 'java/lang/NoSuchMethodError': <clinit>> (0x00000000e3f71090) thrown at [D:\src\AOSP-openjdk-cygwin\jdk8u\hotspot\src\share\vm\prims\jni.cpp, line 1613]
Event: 1.042 Thread 0x000000001c50c800 Exception <a 'java/lang/NoSuchMethodError': <clinit>> (0x00000000e03c6f88) thrown at [D:\src\AOSP-openjdk-cygwin\jdk8u\hotspot\src\share\vm\prims\jni.cpp, line 1613]
Event: 1.043 Thread 0x000000001c50c800 Exception <a 'java/lang/NoSuchMethodError': <clinit>> (0x00000000e03cf210) thrown at [D:\src\AOSP-openjdk-cygwin\jdk8u\hotspot\src\share\vm\prims\jni.cpp, line 1613]
Event: 1.675 Thread 0x000000001c50c800 Exception <a 'java/lang/NoSuchMethodError': <clinit>> (0x00000000e2d44e10) thrown at [D:\src\AOSP-openjdk-cygwin\jdk8u\hotspot\src\share\vm\prims\jni.cpp, line 1613]
Event: 1.675 Thread 0x000000001c50c800 Exception <a 'java/lang/NoSuchMethodError': <clinit>> (0x00000000e2d477b0) thrown at [D:\src\AOSP-openjdk-cygwin\jdk8u\hotspot\src\share\vm\prims\jni.cpp, line 1613]
Event: 1.676 Thread 0x000000001c50c800 Exception <a 'java/lang/NoSuchMethodError': <clinit>> (0x00000000e2d54da0) thrown at [D:\src\AOSP-openjdk-cygwin\jdk8u\hotspot\src\share\vm\prims\jni.cpp, line 1613]
Event: 1.676 Thread 0x000000001c50c800 Exception <a 'java/lang/NoSuchMethodError': <clinit>> (0x00000000e2d60520) thrown at [D:\src\AOSP-openjdk-cygwin\jdk8u\hotspot\src\share\vm\prims\jni.cpp, line 1613]

Events (10 events):
Event: 1.700 loading class org/gradle/cache/internal/btree/CachingBlockStore
Event: 1.700 loading class org/gradle/cache/internal/btree/CachingBlockStore done
Event: 1.700 loading class org/gradle/cache/internal/btree/FileBackedBlockStore
Event: 1.700 loading class org/gradle/cache/internal/btree/FileBackedBlockStore done
Event: 1.700 loading class org/gradle/cache/internal/btree/Block
Event: 1.700 loading class org/gradle/cache/internal/btree/Block done
Event: 1.701 loading class org/gradle/cache/internal/btree/FileBackedBlockStore$BlockImpl
Event: 1.701 loading class org/gradle/cache/internal/btree/FileBackedBlockStore$BlockImpl done
Event: 1.701 loading class org/gradle/cache/internal/btree/BTreePersistentIndexedCache$IndexBlock
Event: 1.701 loading class org/gradle/cache/internal/btree/BTreePersistentIndexedCache$IndexBlock done


Dynamic libraries:
0x00007ff77d120000 - 0x00007ff77d151000 	C:\Program Files\Android\Android Studio\jre\bin\java.exe
0x00007ffac0f10000 - 0x00007ffac10f0000 	C:\WINDOWS\SYSTEM32\ntdll.dll
0x00007ffac0330000 - 0x00007ffac03de000 	C:\WINDOWS\System32\KERNEL32.DLL
0x00007ffabd310000 - 0x00007ffabd576000 	C:\WINDOWS\System32\KERNELBASE.dll
0x00007ffac0530000 - 0x00007ffac05d1000 	C:\WINDOWS\System32\ADVAPI32.dll
0x00007ffabfae0000 - 0x00007ffabfb7d000 	C:\WINDOWS\System32\msvcrt.dll
0x00007ffabf8c0000 - 0x00007ffabf91b000 	C:\WINDOWS\System32\sechost.dll
0x00007ffabfd20000 - 0x00007ffabfe3f000 	C:\WINDOWS\System32\RPCRT4.dll
0x00007ffabfb90000 - 0x00007ffabfd1f000 	C:\WINDOWS\System32\USER32.dll
0x00007ffabe1c0000 - 0x00007ffabe1e0000 	C:\WINDOWS\System32\win32u.dll
0x00007ffac08f0000 - 0x00007ffac0918000 	C:\WINDOWS\System32\GDI32.dll
0x00007ffabe1e0000 - 0x00007ffabe373000 	C:\WINDOWS\System32\gdi32full.dll
0x00007ffabd750000 - 0x00007ffabd7eb000 	C:\WINDOWS\System32\msvcp_win.dll
0x00007ffabd8c0000 - 0x00007ffabd9b6000 	C:\WINDOWS\System32\ucrtbase.dll
0x00007ffab0430000 - 0x00007ffab0699000 	C:\WINDOWS\WinSxS\amd64_microsoft.windows.common-controls_6595b64144ccf1df_6.0.16299.371_none_15c7d1789365a290\COMCTL32.dll
0x00007ffac0020000 - 0x00007ffac0328000 	C:\WINDOWS\System32\combase.dll
0x00007ffabd840000 - 0x00007ffabd8b2000 	C:\WINDOWS\System32\bcryptPrimitives.dll
0x00007ffabf890000 - 0x00007ffabf8bd000 	C:\WINDOWS\System32\IMM32.DLL
0x0000000051720000 - 0x00000000517f2000 	C:\Program Files\Android\Android Studio\jre\jre\bin\msvcr100.dll
0x0000000052130000 - 0x000000005296e000 	C:\Program Files\Android\Android Studio\jre\jre\bin\server\jvm.dll
0x00007ffabfb80000 - 0x00007ffabfb88000 	C:\WINDOWS\System32\PSAPI.DLL
0x00007ffab0320000 - 0x00007ffab0343000 	C:\WINDOWS\SYSTEM32\WINMM.dll
0x00007ffaae7d0000 - 0x00007ffaae7d9000 	C:\WINDOWS\SYSTEM32\WSOCK32.dll
0x00007ffab02b0000 - 0x00007ffab02da000 	C:\WINDOWS\SYSTEM32\WINMMBASE.dll
0x00007ffac0660000 - 0x00007ffac06cc000 	C:\WINDOWS\System32\WS2_32.dll
0x00007ffab8cb0000 - 0x00007ffab8cba000 	C:\WINDOWS\SYSTEM32\VERSION.dll
0x00007ffabd7f0000 - 0x00007ffabd83a000 	C:\WINDOWS\System32\cfgmgr32.dll
0x00007ffab6620000 - 0x00007ffab662f000 	C:\Program Files\Android\Android Studio\jre\jre\bin\verify.dll
0x00007ffaa7310000 - 0x00007ffaa7339000 	C:\Program Files\Android\Android Studio\jre\jre\bin\java.dll
0x00007ffaaf0d0000 - 0x00007ffaaf0e6000 	C:\Program Files\Android\Android Studio\jre\jre\bin\zip.dll
0x00007ffabe3f0000 - 0x00007ffabf826000 	C:\WINDOWS\System32\SHELL32.dll
0x00007ffac0730000 - 0x00007ffac07d6000 	C:\WINDOWS\System32\shcore.dll
0x00007ffabd9c0000 - 0x00007ffabe107000 	C:\WINDOWS\System32\windows.storage.dll
0x00007ffabfe40000 - 0x00007ffabfe91000 	C:\WINDOWS\System32\shlwapi.dll
0x00007ffabd280000 - 0x00007ffabd291000 	C:\WINDOWS\System32\kernel.appcore.dll
0x00007ffabd2a0000 - 0x00007ffabd2ec000 	C:\WINDOWS\System32\powrprof.dll
0x00007ffabd260000 - 0x00007ffabd27b000 	C:\WINDOWS\System32\profapi.dll
0x00007ffaa8290000 - 0x00007ffaa82aa000 	C:\Program Files\Android\Android Studio\jre\jre\bin\net.dll
0x00007ffabcaf0000 - 0x00007ffabcb56000 	C:\WINDOWS\system32\mswsock.dll
0x00007ffaa7c20000 - 0x00007ffaa7c31000 	C:\Program Files\Android\Android Studio\jre\jre\bin\nio.dll
0x00007ffaa4a00000 - 0x00007ffaa4a1e000 	C:\Users\Chris\.gradle\native\25\windows-amd64\native-platform.dll
0x00007ffaaf0a0000 - 0x00007ffaaf0ad000 	C:\Program Files\Android\Android Studio\jre\jre\bin\management.dll
0x00007ffabccb0000 - 0x00007ffabccc7000 	C:\WINDOWS\SYSTEM32\CRYPTSP.dll
0x00007ffabc690000 - 0x00007ffabc6c3000 	C:\WINDOWS\system32\rsaenh.dll
0x00007ffabcdc0000 - 0x00007ffabcde5000 	C:\WINDOWS\SYSTEM32\bcrypt.dll
0x00007ffabd190000 - 0x00007ffabd1b9000 	C:\WINDOWS\SYSTEM32\USERENV.dll
0x00007ffabccd0000 - 0x00007ffabccdb000 	C:\WINDOWS\SYSTEM32\CRYPTBASE.dll
0x00007ffabc880000 - 0x00007ffabc8b9000 	C:\WINDOWS\SYSTEM32\IPHLPAPI.DLL
0x00007ffabfea0000 - 0x00007ffabfea8000 	C:\WINDOWS\System32\NSI.dll
0x00007ffab9d90000 - 0x00007ffab9da6000 	C:\WINDOWS\SYSTEM32\dhcpcsvc6.DLL
0x00007ffab9d50000 - 0x00007ffab9d6a000 	C:\WINDOWS\SYSTEM32\dhcpcsvc.DLL

VM Arguments:
jvm_args: -Xmx1536m -Dfile.encoding=windows-1252 -Duser.country=US -Duser.language=en -Duser.variant 
java_command: org.gradle.launcher.daemon.bootstrap.GradleDaemon 4.1
java_class_path (initial): C:\Users\Chris\.gradle\wrapper\dists\gradle-4.1-all\bzyivzo6n839fup2jbap0tjew\gradle-4.1\lib\gradle-launcher-4.1.jar
Launcher Type: SUN_STANDARD

Environment Variables:
PATH=C:\ProgramData\Oracle\Java\javapath;C:\Windows\system32;C:\Windows;C:\Windows\System32\Wbem;C:\Windows\System32\WindowsPowerShell\v1.0\;C:\Program Files (x86)\NVIDIA Corporation\PhysX\Common;C:\WINDOWS\system32;C:\WINDOWS;C:\WINDOWS\System32\Wbem;C:\WINDOWS\System32\WindowsPowerShell\v1.0\;C:\ProgramData\Anaconda3;C:\ProgramData\Anaconda3\Scripts;C:\ProgramData\Anaconda3\Library\bin;C:\Program Files\nodejs\;C:\Program Files\Java\jdk-9.0.4\bin;C:\Users\Chris\AppData\Local\Android\sdk\platform-tools;C:\Users\Chris\AppData\Local\Programs\Python\Python36-32\Scripts\;C:\Users\Chris\AppData\Local\Programs\Python\Python36-32\;c:\users\chris\appdata\local\enthought\canopy\user\scripts;C:\Users\Chris\AppData\Local\Microsoft\WindowsApps;C:\Users\Chris\AppData\Local\Enthought\Canopy\User;C:\Users\Chris\AppData\Local\Enthought\Canopy\User\Scripts;C:\Users\Chris\AppData\Local\Programs\Git\cmd;C:\Users\Chris\AppData\Local\atom\bin;C:\Users\Chris\AppData\Roaming\npm;%USERPROFILE%\AppData\Local\Microsoft\WindowsApps;
USERNAME=Chris
OS=Windows_NT
PROCESSOR_IDENTIFIER=Intel64 Family 6 Model 60 Stepping 3, GenuineIntel



---------------  S Y S T E M  ---------------

OS: Windows 10.0 , 64 bit Build 16299 (10.0.16299.15)

CPU:total 8 (initial active 8) (4 cores per cpu, 2 threads per core) family 6 model 60 stepping 3, cmov, cx8, fxsr, mmx, sse, sse2, sse3, ssse3, sse4.1, sse4.2, popcnt, avx, avx2, aes, clmul, erms, lzcnt, ht, tsc, tscinvbit, bmi1, bmi2

Memory: 4k page, physical 16718504k(6551400k free), swap 17767080k(4096k free)

vm_info: OpenJDK 64-Bit Server VM (25.152-b01) for windows-amd64 JRE (1.8.0_152-release-915-b01), built by "builder" with MS VC++ 10.0 (VS2010)

time: Tue Apr 24 15:43:13 2018
elapsed time: 1 seconds (0d 0h 0m 1s)

